

ÖÂÃü´íÎó:  Unhandled e0434352h Exception at 4a789129h

10/05/2019 at 15:29:59.606  Í¼ĞÎ: Drawing1.dwg
-------------


ÖÂÃü´íÎó:  Unhandled Access Violation Reading 0xa40b108 Exception at fe253ef8h

10/05/2019 at 16:40:12.326  Í¼ĞÎ: Drawing1.dwg
-------------


ÖÂÃü´íÎó:  Unhandled Access Violation Reading 0x2ae0b108 Exception at d1553ef8h

10/06/2019 at 09:07:41.121  Í¼ĞÎ: Drawing1.dwg
-------------


ÖÂÃü´íÎó:  Unhandled Access Violation Reading 0x0000 Exception at 70e00cd4h

10/06/2019 at 16:31:03.243  Í¼ĞÎ: F:\Ô°Çø²¹²â0926\µ×Í¼.dwg
-------------


ÖÂÃü´íÎó:  Unhandled Access Violation Reading 0x1e435008 Exception at caefb064h

10/07/2019 at 15:51:33.425  Í¼ĞÎ: Drawing1.dwg
-------------


ÖÂÃü´íÎó:  Unhandled Access Violation Reading 0x0000 Exception at b1730091h

10/11/2019 at 14:46:31.706  Í¼ĞÎ: Drawing1.dwg
-------------


ÖÂÃü´íÎó:  Unhandled Access Violation Reading 0x0000 Exception at b1730091h

10/11/2019 at 14:48:21.065  Í¼ĞÎ: Drawing1.dwg
-------------


ÖÂÃü´íÎó:  Unhandled Access Violation Reading 0x0000 Exception at ad870091h

10/11/2019 at 14:56:45.054  Í¼ĞÎ: Drawing1.dwg
-------------


ÖÂÃü´íÎó:  Unhandled Access Violation Reading 0x0000 Exception at adb10091h

10/11/2019 at 14:59:34.542  Í¼ĞÎ: Drawing1.dwg
-------------


ÖÂÃü´íÎó:  Unhandled Access Violation Reading 0x0040 Exception at b0c79ffh

10/12/2019 at 15:37:54.845  Í¼ĞÎ: 
-------------


ÖÂÃü´íÎó:  Unhandled Access Violation Reading 0x0000 Exception at 506e2d7dh

10/14/2019 at 15:09:21.959  Í¼ĞÎ: Drawing1.dwg
-------------


ÖÂÃü´íÎó:  Unhandled Access Violation Reading 0x0000 Exception at 506e484dh

10/14/2019 at 15:14:57.978  Í¼ĞÎ: Drawing1.dwg
-------------


ÖÂÃü´íÎó:  Unhandled Access Violation Reading 0x0000 Exception at b2070091h

10/17/2019 at 09:55:53.973  Í¼ĞÎ: Drawing1.dwg
-------------
